<?xml version="1.0" encoding="UTF-8"?>
<!-- Generated by org.testng.reporters.JUnitReportReporter -->
<testsuite hostname="DESKTOP-R1F5VJG" failures="0" tests="1" name="crmtests.NewTaskPageTest" time="31.929" errors="0" timestamp="2023-04-12T16:18:19 IST" skipped="0">
  <testcase classname="crmtests.NewTaskPageTest" name="validateclickTextLink" time="31.929"/>
  <system-out/>
</testsuite> <!-- crmtests.NewTaskPageTest -->
