<?xml version="1.0" encoding="UTF-8"?>
<!-- Generated by org.testng.reporters.JUnitReportReporter -->
<testsuite hostname="DESKTOP-OSVHEDQ" failures="0" tests="1" name="program.loginpagetest" time="13.359" errors="0" timestamp="2024-02-05T19:37:01 IST" skipped="0">
  <testcase classname="program.loginpagetest" name="validateLoginTest" time="13.359"/>
</testsuite> <!-- program.loginpagetest -->
