<?xml version="1.0" encoding="UTF-8"?>
<!-- Generated by org.testng.reporters.JUnitReportReporter -->
<testsuite hostname="DESKTOP-OSVHEDQ" failures="0" tests="2" name="program.testcase1" time="0.007" errors="0" timestamp="2024-01-31T19:58:07 IST" skipped="0">
  <testcase classname="program.testcase1" name="test1" time="0.006"/>
  <testcase classname="program.testcase1" name="test2" time="0.001"/>
</testsuite> <!-- program.testcase1 -->
