<?xml version="1.0" encoding="UTF-8"?>
<!-- Generated by org.testng.reporters.JUnitReportReporter -->
<testsuite hostname="DESKTOP-OSVHEDQ" failures="0" tests="2" name="program.qqqqq" time="0.012" errors="0" timestamp="2024-02-01T10:51:31 IST" skipped="0">
  <testcase classname="program.qqqqq" name="test6" time="0.003"/>
  <testcase classname="program.qqqqq" name="test5" time="0.009"/>
</testsuite> <!-- program.qqqqq -->
