<?xml version="1.0" encoding="UTF-8"?>
<!-- Generated by org.testng.reporters.JUnitReportReporter -->
<testsuite hostname="DESKTOP-OSVHEDQ" failures="0" tests="1" name="program.RRR" time="0.003" errors="0" timestamp="2024-01-31T19:49:09 IST" skipped="0">
  <testcase classname="program.RRR" name="test1" time="0.003"/>
</testsuite> <!-- program.RRR -->
