<?xml version="1.0" encoding="UTF-8"?>
<!-- Generated by org.testng.reporters.JUnitReportReporter -->
<testsuite hostname="DESKTOP-OSVHEDQ" failures="0" tests="4" name="program.groupatribute" time="0.003" errors="0" timestamp="2024-01-31T19:49:09 IST" skipped="0">
  <testcase classname="program.groupatribute" name="manoj" time="0.001"/>
  <testcase classname="program.groupatribute" name="anshika" time="0.001"/>
  <testcase classname="program.groupatribute" name="infoses" time="0.001"/>
  <testcase classname="program.groupatribute" name="swaraj" time="0.000"/>
</testsuite> <!-- program.groupatribute -->
