<?xml version="1.0" encoding="UTF-8"?>
<!-- Generated by org.testng.reporters.JUnitReportReporter -->
<testsuite hostname="DESKTOP-OSVHEDQ" failures="0" tests="2" name="program.ppppp" time="0.003" errors="0" timestamp="2024-02-01T10:51:31 IST" skipped="0">
  <testcase classname="program.ppppp" name="test4" time="0.001"/>
  <testcase classname="program.ppppp" name="test3" time="0.002"/>
</testsuite> <!-- program.ppppp -->
