<?xml version="1.0" encoding="UTF-8"?>
<!-- Generated by org.testng.reporters.JUnitReportReporter -->
<testsuite hostname="DESKTOP-OSVHEDQ" failures="0" tests="2" name="program.testclass2" time="0.002" errors="0" timestamp="2024-01-31T19:58:07 IST" skipped="0">
  <testcase classname="program.testclass2" name="test1" time="0.001"/>
  <testcase classname="program.testclass2" name="test2" time="0.001"/>
</testsuite> <!-- program.testclass2 -->
