<?xml version="1.0" encoding="UTF-8"?>
<!-- Generated by org.testng.reporters.JUnitReportReporter -->
<testsuite hostname="DESKTOP-R1F5VJG" failures="0" tests="1" name="crmtests.NewTextSmsPageTest" time="36.115" errors="0" timestamp="2023-04-12T16:24:16 IST" skipped="0">
  <testcase classname="crmtests.NewTextSmsPageTest" name="validateclickTextLink" time="36.115"/>
  <system-out/>
</testsuite> <!-- crmtests.NewTextSmsPageTest -->
