<?xml version="1.0" encoding="UTF-8"?>
<!-- Generated by org.testng.reporters.JUnitReportReporter -->
<testsuite hostname="DESKTOP-OSVHEDQ" failures="0" tests="1" name="program.logintest" time="16.382" errors="0" timestamp="2024-02-03T11:14:22 IST" skipped="0">
  <testcase classname="program.logintest" name="loginpage" time="16.382"/>
</testsuite> <!-- program.logintest -->
